<?xml version="1.0" encoding="UTF-8"?>
<testsuite xmlns:xsi="http://www.w3.org/2001/XMLSchema-instance" xsi:noNamespaceSchemaLocation="https://maven.apache.org/surefire/maven-surefire-plugin/xsd/surefire-test-report.xsd" name="TestSuite" time="42.519" tests="3" errors="0" skipped="0" failures="0">
  <properties>
[...]
</properties>
  <testcase name="run" classname="CompleteProgram.QAHomePage" time="13.594"/>
  <testcase name="run" classname="CompleteProgram.QAHomePage" time="12.698"/>
  <testcase name="Title" classname="CompleteProgram.validateTitle" time="8.795"/>
</testsuite>